# JRE version: Java(TM) SE Runtime Environment (7.0_51-b13) (build 1.7.0_51-b13)
# Java VM: Java HotSpot(TM) 64-Bit Server VM (24.51-b03 mixed mode windows-amd64 compressed oops)
Heap
 PSYoungGen      total 99328K, used 55528K [0x00000000e0400000, 0x00000000e6600000, 0x0000000100000000)
  eden space 98304K, 56% used [0x00000000e0400000,0x00000000e3a22128,0x00000000e6400000)
  from space 1024K, 9% used [0x00000000e6400000,0x00000000e6418000,0x00000000e6500000)
  to   space 1024K, 0% used [0x00000000e6500000,0x00000000e6500000,0x00000000e6600000)
 ParOldGen       total 65024K, used 588K [0x00000000a0c00000, 0x00000000a4b80000, 0x00000000e0400000)
  object space 65024K, 0% used [0x00000000a0c00000,0x00000000a0c930b0,0x00000000a4b80000)
 PSPermGen       total 21504K, used 2665K [0x000000009ba00000, 0x000000009cf00000, 0x00000000a0c00000)
  object space 21504K, 12% used [0x000000009ba00000,0x000000009bc9a418,0x000000009cf00000)
GC Heap History (10 events):
Event: 0.877 GC heap before
{Heap before GC invocations=3 (full 0):
 PSYoungGen      total 28672K, used 25176K [0x00000000e0400000, 0x00000000e3c00000, 0x0000000100000000)
  eden space 24576K, 100% used [0x00000000e0400000,0x00000000e1c00000,0x00000000e1c00000)
  from space 4096K, 14% used [0x00000000e2000000,0x00000000e2096030,0x00000000e2400000)
  to   space 4096K, 0% used [0x00000000e1c00000,0x00000000e1c00000,0x00000000e2000000)
 ParOldGen       total 65024K, used 8K [0x00000000a0c00000, 0x00000000a4b80000, 0x00000000e0400000)
  object space 65024K, 0% used [0x00000000a0c00000,0x00000000a0c02000,0x00000000a4b80000)
 PSPermGen       total 21504K, used 2663K [0x000000009ba00000, 0x000000009cf00000, 0x00000000a0c00000)
  object space 21504K, 12% used [0x000000009ba00000,0x000000009bc99fa0,0x000000009cf00000)
Event: 0.879 GC heap after
Heap after GC invocations=3 (full 0):
 PSYoungGen      total 28672K, used 568K [0x00000000e0400000, 0x00000000e3c00000, 0x0000000100000000)
  eden space 24576K, 0% used [0x00000000e0400000,0x00000000e0400000,0x00000000e1c00000)
  from space 4096K, 13% used [0x00000000e1c00000,0x00000000e1c8e030,0x00000000e2000000)
  to   space 4096K, 0% used [0x00000000e3800000,0x00000000e3800000,0x00000000e3c00000)
 ParOldGen       total 65024K, used 16K [0x00000000a0c00000, 0x00000000a4b80000, 0x00000000e0400000)
  object space 65024K, 0% used [0x00000000a0c00000,0x00000000a0c04000,0x00000000a4b80000)
 PSPermGen       total 21504K, used 2663K [0x000000009ba00000, 0x000000009cf00000, 0x00000000a0c00000)
  object space 21504K, 12% used [0x000000009ba00000,0x000000009bc99fa0,0x000000009cf00000)
}
Event: 0.964 GC heap before
{Heap before GC invocations=4 (full 0):
 PSYoungGen      total 28672K, used 25144K [0x00000000e0400000, 0x00000000e3c00000, 0x0000000100000000)
  eden space 24576K, 100% used [0x00000000e0400000,0x00000000e1c00000,0x00000000e1c00000)
  from space 4096K, 13% used [0x00000000e1c00000,0x00000000e1c8e030,0x00000000e2000000)
  to   space 4096K, 0% used [0x00000000e3800000,0x00000000e3800000,0x00000000e3c00000)
 ParOldGen       total 65024K, used 16K [0x00000000a0c00000, 0x00000000a4b80000, 0x00000000e0400000)
  object space 65024K, 0% used [0x00000000a0c00000,0x00000000a0c04000,0x00000000a4b80000)
 PSPermGen       total 21504K, used 2664K [0x000000009ba00000, 0x000000009cf00000, 0x00000000a0c00000)
  object space 21504K, 12% used [0x000000009ba00000,0x000000009bc9a080,0x000000009cf00000)
Event: 0.966 GC heap after
Heap after GC invocations=4 (full 0):
 PSYoungGen      total 53248K, used 600K [0x00000000e0400000, 0x00000000e3c00000, 0x0000000100000000)
  eden space 49152K, 0% used [0x00000000e0400000,0x00000000e0400000,0x00000000e3400000)
  from space 4096K, 14% used [0x00000000e3800000,0x00000000e3896010,0x00000000e3c00000)
  to   space 4096K, 0% used [0x00000000e3400000,0x00000000e3400000,0x00000000e3800000)
 ParOldGen       total 65024K, used 16K [0x00000000a0c00000, 0x00000000a4b80000, 0x00000000e0400000)
  object space 65024K, 0% used [0x00000000a0c00000,0x00000000a0c04000,0x00000000a4b80000)
 PSPermGen       total 21504K, used 2664K [0x000000009ba00000, 0x000000009cf00000, 0x00000000a0c00000)
  object space 21504K, 12% used [0x000000009ba00000,0x000000009bc9a080,0x000000009cf00000)
}
Event: 1.101 GC heap before
{Heap before GC invocations=5 (full 0):
 PSYoungGen      total 53248K, used 49752K [0x00000000e0400000, 0x00000000e3c00000, 0x0000000100000000)
  eden space 49152K, 100% used [0x00000000e0400000,0x00000000e3400000,0x00000000e3400000)
  from space 4096K, 14% used [0x00000000e3800000,0x00000000e3896010,0x00000000e3c00000)
  to   space 4096K, 0% used [0x00000000e3400000,0x00000000e3400000,0x00000000e3800000)
 ParOldGen       total 65024K, used 16K [0x00000000a0c00000, 0x00000000a4b80000, 0x00000000e0400000)
  object space 65024K, 0% used [0x00000000a0c00000,0x00000000a0c04000,0x00000000a4b80000)
 PSPermGen       total 21504K, used 2664K [0x000000009ba00000, 0x000000009cf00000, 0x00000000a0c00000)
  object space 21504K, 12% used [0x000000009ba00000,0x000000009bc9a1f0,0x000000009cf00000)
Event: 1.102 GC heap after
Heap after GC invocations=5 (full 0):
 PSYoungGen      total 53248K, used 632K [0x00000000e0400000, 0x00000000e6600000, 0x0000000100000000)
  eden space 49152K, 0% used [0x00000000e0400000,0x00000000e0400000,0x00000000e3400000)
  from space 4096K, 15% used [0x00000000e3400000,0x00000000e349e030,0x00000000e3800000)
  to   space 1024K, 0% used [0x00000000e6500000,0x00000000e6500000,0x00000000e6600000)
 ParOldGen       total 65024K, used 24K [0x00000000a0c00000, 0x00000000a4b80000, 0x00000000e0400000)
  object space 65024K, 0% used [0x00000000a0c00000,0x00000000a0c06000,0x00000000a4b80000)
 PSPermGen       total 21504K, used 2664K [0x000000009ba00000, 0x000000009cf00000, 0x00000000a0c00000)
  object space 21504K, 12% used [0x000000009ba00000,0x000000009bc9a1f0,0x000000009cf00000)
}
Event: 1.193 GC heap before
{Heap before GC invocations=6 (full 0):
 PSYoungGen      total 53248K, used 49784K [0x00000000e0400000, 0x00000000e6600000, 0x0000000100000000)
  eden space 49152K, 100% used [0x00000000e0400000,0x00000000e3400000,0x00000000e3400000)
  from space 4096K, 15% used [0x00000000e3400000,0x00000000e349e030,0x00000000e3800000)
  to   space 1024K, 0% used [0x00000000e6500000,0x00000000e6500000,0x00000000e6600000)
 ParOldGen       total 65024K, used 24K [0x00000000a0c00000, 0x00000000a4b80000, 0x00000000e0400000)
  object space 65024K, 0% used [0x00000000a0c00000,0x00000000a0c06000,0x00000000a4b80000)
 PSPermGen       total 21504K, used 2664K [0x000000009ba00000, 0x000000009cf00000, 0x00000000a0c00000)
  object space 21504K, 12% used [0x000000009ba00000,0x000000009bc9a1f0,0x000000009cf00000)
Event: 1.194 GC heap after
Heap after GC invocations=6 (full 0):
 PSYoungGen      total 99328K, used 632K [0x00000000e0400000, 0x00000000e6600000, 0x0000000100000000)
  eden space 98304K, 0% used [0x00000000e0400000,0x00000000e0400000,0x00000000e6400000)
  from space 1024K, 61% used [0x00000000e6500000,0x00000000e659e030,0x00000000e6600000)
  to   space 1024K, 0% used [0x00000000e6400000,0x00000000e6400000,0x00000000e6500000)
 ParOldGen       total 65024K, used 24K [0x00000000a0c00000, 0x00000000a4b80000, 0x00000000e0400000)
  object space 65024K, 0% used [0x00000000a0c00000,0x00000000a0c06000,0x00000000a4b80000)
 PSPermGen       total 21504K, used 2664K [0x000000009ba00000, 0x000000009cf00000, 0x00000000a0c00000)
  object space 21504K, 12% used [0x000000009ba00000,0x000000009bc9a1f0,0x000000009cf00000)
}
Event: 1.493 GC heap before
{Heap before GC invocations=7 (full 0):
 PSYoungGen      total 99328K, used 98936K [0x00000000e0400000, 0x00000000e6600000, 0x0000000100000000)
  eden space 98304K, 100% used [0x00000000e0400000,0x00000000e6400000,0x00000000e6400000)
  from space 1024K, 61% used [0x00000000e6500000,0x00000000e659e030,0x00000000e6600000)
  to   space 1024K, 0% used [0x00000000e6400000,0x00000000e6400000,0x00000000e6500000)
 ParOldGen       total 65024K, used 24K [0x00000000a0c00000, 0x00000000a4b80000, 0x00000000e0400000)
  object space 65024K, 0% used [0x00000000a0c00000,0x00000000a0c06000,0x00000000a4b80000)
 PSPermGen       total 21504K, used 2664K [0x000000009ba00000, 0x000000009cf00000, 0x00000000a0c00000)
  object space 21504K, 12% used [0x000000009ba00000,0x000000009bc9a2f8,0x000000009cf00000)
Event: 1.497 GC heap after
Heap after GC invocations=7 (full 0):
 PSYoungGen      total 99328K, used 96K [0x00000000e0400000, 0x00000000e6600000, 0x0000000100000000)
  eden space 98304K, 0% used [0x00000000e0400000,0x00000000e0400000,0x00000000e6400000)
  from space 1024K, 9% used [0x00000000e6400000,0x00000000e6418000,0x00000000e6500000)
  to   space 1024K, 0% used [0x00000000e6500000,0x00000000e6500000,0x00000000e6600000)
 ParOldGen       total 65024K, used 588K [0x00000000a0c00000, 0x00000000a4b80000, 0x00000000e0400000)
  object space 65024K, 0% used [0x00000000a0c00000,0x00000000a0c930b0,0x00000000a4b80000)
 PSPermGen       total 21504K, used 2664K [0x000000009ba00000, 0x000000009cf00000, 0x00000000a0c00000)
  object space 21504K, 12% used [0x000000009ba00000,0x000000009bc9a2f8,0x000000009cf00000)
}

